Arguments: 
  /home/dyj/.nvm/versions/node/v10.9.0/bin/node /home/dyj/.nvm/versions/node/v10.9.0/bin/yarn add src/components/manage/company --silent --no-progress

PATH: 
  /home/dyj/.nvm/versions/node/v10.9.0/lib/node_modules/npm/node_modules/npm-lifecycle/node-gyp-bin:/mnt/d/mypro/node_modules/.bin:/home/dyj/.nvm/versions/node/v10.9.0/lib/node_modules/cnpm/node_modules/npm/node_modules/npm-lifecycle/node-gyp-bin:/mnt/d/mypro/node_modules/.bin:/home/dyj/.nvm/versions/node/v10.9.0/bin:/usr/local/sbin:/usr/local/bin:/usr/sbin:/usr/bin:/sbin:/bin:/usr/games:/usr/local/games:/mnt/c/Program Files (x86)/Common Files/Oracle/Java/javapath_target_635125:/mnt/c/Windows/System32:/mnt/c/Windows:/mnt/c/Windows/System32/wbem:/mnt/c/Windows/System32/WindowsPowerShell/v1.0:/mnt/c/Windows/System32/OpenSSH:/mnt/c/Program Files (x86)/ATI Technologies/ATI.ACE/Core-Static:/mnt/e/Program Files/apache-ant-1.10.5/bin:/mnt/d/xampp/php:/mnt/c/ProgramData/ComposerSetup/bin:/mnt/e/Program Files/Git/cmd:/mnt/d/flutter/bin:/mnt/e/androidsdk/tools:/mnt/c/Program Files/TortoiseSVN/bin:/mnt/c/Program Files/dotnet:/mnt/c/Program Files/Microsoft SQL Server/130/Tools/Binn:/mnt/e/androidsdk/platform-tools:/mnt/e/Program Files/sonarqube-7.4/sonar-scanner-3.2.0.1227-windows/bin:/mnt/c/Users/Administrator/AppData/Local/Microsoft/WindowsApps:/mnt/c/Users/Administrator/AppData/Local/GitHubDesktop/bin:/mnt/c/Users/Administrator/AppData/Local/Programs/Microsoft VS Code/bin:/snap/bin

Yarn version: 
  1.12.3

Node version: 
  10.9.0

Platform: 
  linux x64

Trace: 
  Error: https://registry.npm.taobao.org/src%2fcomponents/manage/company: not_found
      at Request.params.callback [as _callback] (/home/dyj/.nvm/versions/node/v10.9.0/lib/node_modules/yarn/lib/cli.js:65894:18)
      at Request.self.callback (/home/dyj/.nvm/versions/node/v10.9.0/lib/node_modules/yarn/lib/cli.js:129018:22)
      at Request.emit (events.js:182:13)
      at Request.<anonymous> (/home/dyj/.nvm/versions/node/v10.9.0/lib/node_modules/yarn/lib/cli.js:129990:10)
      at Request.emit (events.js:182:13)
      at Gunzip.<anonymous> (/home/dyj/.nvm/versions/node/v10.9.0/lib/node_modules/yarn/lib/cli.js:129912:12)
      at Object.onceWrapper (events.js:273:13)
      at Gunzip.emit (events.js:187:15)
      at endReadableNT (_stream_readable.js:1085:12)
      at process._tickCallback (internal/process/next_tick.js:63:19)

npm manifest: 
  {
    "name": "bigbearpro",
    "version": "1.0.0",
    "private": true,
    "description": "bigbear school and company",
    "scripts": {
      "build:weapp": "taro build --type weapp",
      "build:swan": "taro build --type swan",
      "build:alipay": "taro build --type alipay",
      "build:tt": "taro build --type tt",
      "build:h5": "taro build --type h5",
      "build:rn": "taro build --type rn",
      "dev:weapp": "npm run build:weapp -- --watch",
      "dev:swan": "npm run build:swan -- --watch",
      "dev:alipay": "npm run build:alipay -- --watch",
      "dev:tt": "npm run build:tt -- --watch",
      "dev:h5": "npm run build:h5 -- --watch",
      "dev:rn": "npm run build:rn -- --watch"
    },
    "author": "",
    "license": "MIT",
    "dependencies": {
      "@tarojs/async-await": "^1.2.7",
      "@tarojs/components": "1.2.7",
      "@tarojs/redux": "^1.2.7",
      "@tarojs/redux-h5": "1.2.7",
      "@tarojs/router": "1.2.7",
      "@tarojs/taro": "1.2.7",
      "@tarojs/taro-alipay": "1.2.7",
      "@tarojs/taro-h5": "1.2.7",
      "@tarojs/taro-swan": "1.2.7",
      "@tarojs/taro-tt": "1.2.7",
      "@tarojs/taro-weapp": "^1.2.7",
      "nerv-devtools": "^1.3.9",
      "nervjs": "^1.3.9",
      "redux": "^4.0.0",
      "redux-logger": "^3.0.6",
      "redux-thunk": "^2.3.0",
      "taro-ui": "^1.5.4"
    },
    "devDependencies": {
      "@tarojs/plugin-babel": "^1.2.7",
      "@tarojs/plugin-csso": "1.2.7",
      "@tarojs/plugin-less": "1.2.7",
      "@tarojs/plugin-sass": "^1.2.7",
      "@tarojs/plugin-uglifyjs": "1.2.7",
      "@tarojs/webpack-runner": "1.2.7",
      "@types/react": "^16.4.8",
      "@types/webpack-env": "^1.13.6",
      "babel-eslint": "^8.2.3",
      "babel-plugin-transform-class-properties": "^6.24.1",
      "babel-plugin-transform-decorators-legacy": "^1.3.4",
      "babel-plugin-transform-jsx-stylesheet": "^0.6.5",
      "babel-plugin-transform-object-rest-spread": "^6.26.0",
      "babel-preset-env": "^1.6.1",
      "eslint": "^4.19.1",
      "eslint-config-taro": "1.2.7",
      "eslint-plugin-import": "^2.12.0",
      "eslint-plugin-react": "^7.8.2",
      "eslint-plugin-taro": "1.2.7",
      "eslint-plugin-typescript": "^0.12.0",
      "typescript": "^3.0.1"
    }
  }

yarn manifest: 
  No manifest

Lockfile: 
  No lockfile
